# JRE version: Java(TM) SE Runtime Environment (8.0_60-b27) (build 1.8.0_60-b27)
# Java VM: Java HotSpot(TM) 64-Bit Server VM (25.60-b23 mixed mode windows-amd64 compressed oops)
Heap:
 PSYoungGen      total 34816K, used 23897K [0x00000000eab00000, 0x00000000ed000000, 0x0000000100000000)
  eden space 32256K, 66% used [0x00000000eab00000,0x00000000ebfda478,0x00000000eca80000)
  from space 2560K, 99% used [0x00000000ecd80000,0x00000000ecffc000,0x00000000ed000000)
  to   space 2560K, 0% used [0x00000000ecb00000,0x00000000ecb00000,0x00000000ecd80000)
 ParOldGen       total 24064K, used 14586K [0x00000000c0000000, 0x00000000c1780000, 0x00000000eab00000)
  object space 24064K, 60% used [0x00000000c0000000,0x00000000c0e3e8c0,0x00000000c1780000)
 Metaspace       used 6286K, capacity 7152K, committed 7296K, reserved 1058816K
  class space    used 603K, capacity 616K, committed 640K, reserved 1048576K
GC Heap History (10 events):
Event: 36.277 GC heap before
{Heap before GC invocations=3 (full 0):
 PSYoungGen      total 18944K, used 7641K [0x00000000eab00000, 0x00000000ed000000, 0x0000000100000000)
  eden space 16384K, 31% used [0x00000000eab00000,0x00000000eaffb2f8,0x00000000ebb00000)
  from space 2560K, 99% used [0x00000000ebd80000,0x00000000ebffb110,0x00000000ec000000)
  to   space 2560K, 0% used [0x00000000ebb00000,0x00000000ebb00000,0x00000000ebd80000)
 ParOldGen       total 44032K, used 2259K [0x00000000c0000000, 0x00000000c2b00000, 0x00000000eab00000)
  object space 44032K, 5% used [0x00000000c0000000,0x00000000c0234ec0,0x00000000c2b00000)
 Metaspace       used 6090K, capacity 6960K, committed 7040K, reserved 1060864K
  class space    used 602K, capacity 616K, committed 640K, reserved 1048576K
Event: 36.403 GC heap after
Heap after GC invocations=3 (full 0):
 PSYoungGen      total 18944K, used 2554K [0x00000000eab00000, 0x00000000ed000000, 0x0000000100000000)
  eden space 16384K, 0% used [0x00000000eab00000,0x00000000eab00000,0x00000000ebb00000)
  from space 2560K, 99% used [0x00000000ebb00000,0x00000000ebd7eaa8,0x00000000ebd80000)
  to   space 2560K, 0% used [0x00000000ecd80000,0x00000000ecd80000,0x00000000ed000000)
 ParOldGen       total 44032K, used 2917K [0x00000000c0000000, 0x00000000c2b00000, 0x00000000eab00000)
  object space 44032K, 6% used [0x00000000c0000000,0x00000000c02d95b0,0x00000000c2b00000)
 Metaspace       used 6090K, capacity 6960K, committed 7040K, reserved 1060864K
  class space    used 602K, capacity 616K, committed 640K, reserved 1048576K
}
Event: 36.403 GC heap before
{Heap before GC invocations=4 (full 1):
 PSYoungGen      total 18944K, used 2554K [0x00000000eab00000, 0x00000000ed000000, 0x0000000100000000)
  eden space 16384K, 0% used [0x00000000eab00000,0x00000000eab00000,0x00000000ebb00000)
  from space 2560K, 99% used [0x00000000ebb00000,0x00000000ebd7eaa8,0x00000000ebd80000)
  to   space 2560K, 0% used [0x00000000ecd80000,0x00000000ecd80000,0x00000000ed000000)
 ParOldGen       total 44032K, used 2917K [0x00000000c0000000, 0x00000000c2b00000, 0x00000000eab00000)
  object space 44032K, 6% used [0x00000000c0000000,0x00000000c02d95b0,0x00000000c2b00000)
 Metaspace       used 6090K, capacity 6960K, committed 7040K, reserved 1060864K
  class space    used 602K, capacity 616K, committed 640K, reserved 1048576K
Event: 36.636 GC heap after
Heap after GC invocations=4 (full 1):
 PSYoungGen      total 18944K, used 0K [0x00000000eab00000, 0x00000000ed000000, 0x0000000100000000)
  eden space 16384K, 0% used [0x00000000eab00000,0x00000000eab00000,0x00000000ebb00000)
  from space 2560K, 0% used [0x00000000ebb00000,0x00000000ebb00000,0x00000000ebd80000)
  to   space 2560K, 0% used [0x00000000ecd80000,0x00000000ecd80000,0x00000000ed000000)
 ParOldGen       total 24064K, used 4621K [0x00000000c0000000, 0x00000000c1780000, 0x00000000eab00000)
  object space 24064K, 19% used [0x00000000c0000000,0x00000000c0483468,0x00000000c1780000)
 Metaspace       used 6090K, capacity 6960K, committed 7040K, reserved 1058816K
  class space    used 602K, capacity 616K, committed 640K, reserved 1048576K
}
Event: 37.985 GC heap before
{Heap before GC invocations=5 (full 1):
 PSYoungGen      total 18944K, used 16384K [0x00000000eab00000, 0x00000000ed000000, 0x0000000100000000)
  eden space 16384K, 100% used [0x00000000eab00000,0x00000000ebb00000,0x00000000ebb00000)
  from space 2560K, 0% used [0x00000000ebb00000,0x00000000ebb00000,0x00000000ebd80000)
  to   space 2560K, 0% used [0x00000000ecd80000,0x00000000ecd80000,0x00000000ed000000)
 ParOldGen       total 24064K, used 4621K [0x00000000c0000000, 0x00000000c1780000, 0x00000000eab00000)
  object space 24064K, 19% used [0x00000000c0000000,0x00000000c0483468,0x00000000c1780000)
 Metaspace       used 6144K, capacity 7024K, committed 7296K, reserved 1058816K
  class space    used 602K, capacity 616K, committed 640K, reserved 1048576K
Event: 37.991 GC heap after
Heap after GC invocations=5 (full 1):
 PSYoungGen      total 34816K, used 2540K [0x00000000eab00000, 0x00000000ed000000, 0x0000000100000000)
  eden space 32256K, 0% used [0x00000000eab00000,0x00000000eab00000,0x00000000eca80000)
  from space 2560K, 99% used [0x00000000ecd80000,0x00000000ecffb010,0x00000000ed000000)
  to   space 2560K, 0% used [0x00000000ecb00000,0x00000000ecb00000,0x00000000ecd80000)
 ParOldGen       total 24064K, used 4720K [0x00000000c0000000, 0x00000000c1780000, 0x00000000eab00000)
  object space 24064K, 19% used [0x00000000c0000000,0x00000000c049c2a8,0x00000000c1780000)
 Metaspace       used 6144K, capacity 7024K, committed 7296K, reserved 1058816K
  class space    used 602K, capacity 616K, committed 640K, reserved 1048576K
}
Event: 38.216 GC heap before
{Heap before GC invocations=6 (full 1):
 PSYoungGen      total 34816K, used 34796K [0x00000000eab00000, 0x00000000ed000000, 0x0000000100000000)
  eden space 32256K, 100% used [0x00000000eab00000,0x00000000eca80000,0x00000000eca80000)
  from space 2560K, 99% used [0x00000000ecd80000,0x00000000ecffb010,0x00000000ed000000)
  to   space 2560K, 0% used [0x00000000ecb00000,0x00000000ecb00000,0x00000000ecd80000)
 ParOldGen       total 24064K, used 4720K [0x00000000c0000000, 0x00000000c1780000, 0x00000000eab00000)
  object space 24064K, 19% used [0x00000000c0000000,0x00000000c049c2a8,0x00000000c1780000)
 Metaspace       used 6220K, capacity 7088K, committed 7296K, reserved 1058816K
  class space    used 602K, capacity 616K, committed 640K, reserved 1048576K
Event: 38.230 GC heap after
Heap after GC invocations=6 (full 1):
 PSYoungGen      total 34816K, used 2550K [0x00000000eab00000, 0x00000000ed000000, 0x0000000100000000)
  eden space 32256K, 0% used [0x00000000eab00000,0x00000000eab00000,0x00000000eca80000)
  from space 2560K, 99% used [0x00000000ecb00000,0x00000000ecd7d950,0x00000000ecd80000)
  to   space 2560K, 0% used [0x00000000ecd80000,0x00000000ecd80000,0x00000000ed000000)
 ParOldGen       total 24064K, used 9351K [0x00000000c0000000, 0x00000000c1780000, 0x00000000eab00000)
  object space 24064K, 38% used [0x00000000c0000000,0x00000000c0921d40,0x00000000c1780000)
 Metaspace       used 6220K, capacity 7088K, committed 7296K, reserved 1058816K
  class space    used 602K, capacity 616K, committed 640K, reserved 1048576K
}
Event: 39.017 GC heap before
{Heap before GC invocations=7 (full 1):
 PSYoungGen      total 34816K, used 34806K [0x00000000eab00000, 0x00000000ed000000, 0x0000000100000000)
  eden space 32256K, 100% used [0x00000000eab00000,0x00000000eca80000,0x00000000eca80000)
  from space 2560K, 99% used [0x00000000ecb00000,0x00000000ecd7d950,0x00000000ecd80000)
  to   space 2560K, 0% used [0x00000000ecd80000,0x00000000ecd80000,0x00000000ed000000)
 ParOldGen       total 24064K, used 9351K [0x00000000c0000000, 0x00000000c1780000, 0x00000000eab00000)
  object space 24064K, 38% used [0x00000000c0000000,0x00000000c0921d40,0x00000000c1780000)
 Metaspace       used 6276K, capacity 7152K, committed 7296K, reserved 1058816K
  class space    used 603K, capacity 616K, committed 640K, reserved 1048576K
Event: 39.037 GC heap after
Heap after GC invocations=7 (full 1):
 PSYoungGen      total 34816K, used 2544K [0x00000000eab00000, 0x00000000ed000000, 0x0000000100000000)
  eden space 32256K, 0% used [0x00000000eab00000,0x00000000eab00000,0x00000000eca80000)
  from space 2560K, 99% used [0x00000000ecd80000,0x00000000ecffc000,0x00000000ed000000)
  to   space 2560K, 0% used [0x00000000ecb00000,0x00000000ecb00000,0x00000000ecd80000)
 ParOldGen       total 24064K, used 14586K [0x00000000c0000000, 0x00000000c1780000, 0x00000000eab00000)
  object space 24064K, 60% used [0x00000000c0000000,0x00000000c0e3e8c0,0x00000000c1780000)
 Metaspace       used 6276K, capacity 7152K, committed 7296K, reserved 1058816K
  class space    used 603K, capacity 616K, committed 640K, reserved 1048576K
}

